<?xml version="1.0" encoding="UTF-8"?>
<!-- Generated by org.testng.reporters.JUnitReportReporter -->
<testsuite hostname="LAPTOP-938BKT1H" failures="0" tests="2" name="tests.Testing2" time="0.001" errors="0" timestamp="2022-10-15T12:48:11 CST" skipped="0">
  <testcase classname="tests.Testing2" name="Test5" time="0.001"/>
  <system-out/>
  <testcase classname="tests.Testing2" name="Test4" time="0.000"/>
  <system-out/>
</testsuite> <!-- tests.Testing2 -->
