<?xml version="1.0" encoding="UTF-8"?>
<!-- Generated by org.testng.reporters.JUnitReportReporter -->
<testsuite hostname="LAPTOP-938BKT1H" failures="0" tests="5" name="tests.Testing1" time="0.012" errors="0" timestamp="2022-10-15T12:48:11 CST" skipped="0">
  <testcase classname="tests.Testing1" name="Test2" time="0.003"/>
  <system-out/>
  <testcase classname="tests.Testing1" name="f" time="0.004"/>
  <system-out/>
  <testcase classname="tests.Testing1" name="f" time="0.002"/>
  <system-out/>
  <testcase classname="tests.Testing1" name="Test3" time="0.002"/>
  <system-out/>
  <testcase classname="tests.Testing1" name="Test1" time="0.001"/>
  <system-out/>
</testsuite> <!-- tests.Testing1 -->
