<?xml version="1.0" encoding="UTF-8"?>
<!-- Generated by org.testng.reporters.JUnitReportReporter -->
<testsuite hostname="LAPTOP-938BKT1H" failures="0" tests="1" name="com.crm.qa.testcases.ContactsPageTest" time="14.307" errors="0" timestamp="2023-01-06T14:12:30 CST" skipped="0">
  <testcase classname="com.crm.qa.testcases.ContactsPageTest" name="selectContactsTest" time="14.307"/>
  <system-out/>
</testsuite> <!-- com.crm.qa.testcases.ContactsPageTest -->
