<?xml version="1.0" encoding="UTF-8"?>
<!-- Generated by org.testng.reporters.JUnitReportReporter -->
<testsuite hostname="LAPTOP-938BKT1H" failures="0" tests="2" name="com.crm.qa.testcases.LoginPageTest" time="17.656" errors="0" timestamp="2022-12-31T19:20:32 CST" skipped="0">
  <testcase classname="com.crm.qa.testcases.LoginPageTest" name="loginPageTitleTest" time="7.774"/>
  <system-out/>
  <testcase classname="com.crm.qa.testcases.LoginPageTest" name="loginTest" time="9.882"/>
  <system-out/>
</testsuite> <!-- com.crm.qa.testcases.LoginPageTest -->
