<?xml version="1.0" encoding="UTF-8"?>
<!-- Generated by org.testng.reporters.JUnitReportReporter -->
<testsuite hostname="LAPTOP-938BKT1H" failures="0" tests="3" name="com.crm.qa.testcases.HomePageTest" time="26.490" errors="0" timestamp="2022-12-31T19:20:32 CST" skipped="0">
  <testcase classname="com.crm.qa.testcases.HomePageTest" name="verifyHomePageTitleTest" time="7.849"/>
  <system-out/>
  <testcase classname="com.crm.qa.testcases.HomePageTest" name="veirfyUserNameTest" time="7.660"/>
  <system-out/>
  <testcase classname="com.crm.qa.testcases.HomePageTest" name="verifyContactsLink" time="10.981"/>
  <system-out/>
</testsuite> <!-- com.crm.qa.testcases.HomePageTest -->
